C:\Deepa\Learning\AspNetCore\DotNetTricks\FinalProjectCoreAngular\WebUI\ClientApp\dist\out-tsc\e2e\src\app.po.js
C:\Deepa\Learning\AspNetCore\DotNetTricks\FinalProjectCoreAngular\WebUI\ClientApp\dist\out-tsc\e2e\src\app.po.js.map
C:\Deepa\Learning\AspNetCore\DotNetTricks\FinalProjectCoreAngular\WebUI\ClientApp\dist\out-tsc\e2e\src\app.e2e-spec.js
C:\Deepa\Learning\AspNetCore\DotNetTricks\FinalProjectCoreAngular\WebUI\ClientApp\dist\out-tsc\e2e\src\app.e2e-spec.js.map
C:\Deepa\Learning\AspNetCore\DotNetTricks\FinalProjectCoreAngular\WebUI\ClientApp\dist\out-tsc\src\environments\environment.js
C:\Deepa\Learning\AspNetCore\DotNetTricks\FinalProjectCoreAngular\WebUI\ClientApp\dist\out-tsc\src\environments\environment.js.map
C:\Deepa\Learning\AspNetCore\DotNetTricks\FinalProjectCoreAngular\WebUI\ClientApp\dist\out-tsc\src\app\Models\CartItem.js
C:\Deepa\Learning\AspNetCore\DotNetTricks\FinalProjectCoreAngular\WebUI\ClientApp\dist\out-tsc\src\app\Models\CartItem.js.map
C:\Deepa\Learning\AspNetCore\DotNetTricks\FinalProjectCoreAngular\WebUI\ClientApp\dist\out-tsc\src\app\Models\Cart.js
C:\Deepa\Learning\AspNetCore\DotNetTricks\FinalProjectCoreAngular\WebUI\ClientApp\dist\out-tsc\src\app\Models\Cart.js.map
C:\Deepa\Learning\AspNetCore\DotNetTricks\FinalProjectCoreAngular\WebUI\ClientApp\dist\out-tsc\src\app\services\cartService.js
C:\Deepa\Learning\AspNetCore\DotNetTricks\FinalProjectCoreAngular\WebUI\ClientApp\dist\out-tsc\src\app\services\cartService.js.map
C:\Deepa\Learning\AspNetCore\DotNetTricks\FinalProjectCoreAngular\WebUI\ClientApp\dist\out-tsc\src\app\cart\cart.component.js
C:\Deepa\Learning\AspNetCore\DotNetTricks\FinalProjectCoreAngular\WebUI\ClientApp\dist\out-tsc\src\app\cart\cart.component.js.map
C:\Deepa\Learning\AspNetCore\DotNetTricks\FinalProjectCoreAngular\WebUI\ClientApp\dist\out-tsc\src\app\Models\Product.js
C:\Deepa\Learning\AspNetCore\DotNetTricks\FinalProjectCoreAngular\WebUI\ClientApp\dist\out-tsc\src\app\Models\Product.js.map
C:\Deepa\Learning\AspNetCore\DotNetTricks\FinalProjectCoreAngular\WebUI\ClientApp\dist\out-tsc\src\app\services\storeService.js
C:\Deepa\Learning\AspNetCore\DotNetTricks\FinalProjectCoreAngular\WebUI\ClientApp\dist\out-tsc\src\app\services\storeService.js.map
C:\Deepa\Learning\AspNetCore\DotNetTricks\FinalProjectCoreAngular\WebUI\ClientApp\dist\out-tsc\src\app\store\store.component.js
C:\Deepa\Learning\AspNetCore\DotNetTricks\FinalProjectCoreAngular\WebUI\ClientApp\dist\out-tsc\src\app\store\store.component.js.map
C:\Deepa\Learning\AspNetCore\DotNetTricks\FinalProjectCoreAngular\WebUI\ClientApp\dist\out-tsc\src\app\app-routing.module.js
C:\Deepa\Learning\AspNetCore\DotNetTricks\FinalProjectCoreAngular\WebUI\ClientApp\dist\out-tsc\src\app\app-routing.module.js.map
C:\Deepa\Learning\AspNetCore\DotNetTricks\FinalProjectCoreAngular\WebUI\ClientApp\dist\out-tsc\src\app\app.component.js
C:\Deepa\Learning\AspNetCore\DotNetTricks\FinalProjectCoreAngular\WebUI\ClientApp\dist\out-tsc\src\app\app.component.js.map
C:\Deepa\Learning\AspNetCore\DotNetTricks\FinalProjectCoreAngular\WebUI\ClientApp\dist\out-tsc\src\app\app.module.js
C:\Deepa\Learning\AspNetCore\DotNetTricks\FinalProjectCoreAngular\WebUI\ClientApp\dist\out-tsc\src\app\app.module.js.map
C:\Deepa\Learning\AspNetCore\DotNetTricks\FinalProjectCoreAngular\WebUI\ClientApp\dist\out-tsc\src\main.js
C:\Deepa\Learning\AspNetCore\DotNetTricks\FinalProjectCoreAngular\WebUI\ClientApp\dist\out-tsc\src\main.js.map
C:\Deepa\Learning\AspNetCore\DotNetTricks\FinalProjectCoreAngular\WebUI\ClientApp\dist\out-tsc\src\polyfills.js
C:\Deepa\Learning\AspNetCore\DotNetTricks\FinalProjectCoreAngular\WebUI\ClientApp\dist\out-tsc\src\polyfills.js.map
C:\Deepa\Learning\AspNetCore\DotNetTricks\FinalProjectCoreAngular\WebUI\ClientApp\dist\out-tsc\src\test.js
C:\Deepa\Learning\AspNetCore\DotNetTricks\FinalProjectCoreAngular\WebUI\ClientApp\dist\out-tsc\src\test.js.map
C:\Deepa\Learning\AspNetCore\DotNetTricks\FinalProjectCoreAngular\WebUI\ClientApp\dist\out-tsc\src\environments\environment.prod.js
C:\Deepa\Learning\AspNetCore\DotNetTricks\FinalProjectCoreAngular\WebUI\ClientApp\dist\out-tsc\src\environments\environment.prod.js.map
